This file contains any messages produced by compilers while
running configure, to aid debugging if configure makes a mistake.

It was created by configure, which was
generated by GNU Autoconf 2.59.  Invocation command line was

  $ /home/zhangsiyu/pc018work-v15-at/apv5sdk-v15/build/gcc-4.3.3/toolchain_build_mips/ccache-2.4/configure --target=i386-pc-linux-gnu --host=i386-pc-linux-gnu --build=i386-pc-linux-gnu --prefix=/usr

## --------- ##
## Platform. ##
## --------- ##

hostname = debian
uname -m = i686
uname -r = 2.6.32-5-686
uname -s = Linux
uname -v = #1 SMP Mon Sep 23 23:00:18 UTC 2013

/usr/bin/uname -p = unknown
/bin/uname -X     = unknown

/bin/arch              = unknown
/usr/bin/arch -k       = unknown
/usr/convex/getsysinfo = unknown
hostinfo               = unknown
/bin/machine           = unknown
/usr/bin/oslevel       = unknown
/bin/universe          = unknown

PATH: /home/zhangsiyu/pc018work-v15-at/apv5sdk-v15/build/../build/util
PATH: /home/zhangsiyu/pc018work-v15-at/apv5sdk-v15/build/../build/gcc-4.3.3/build_mips/staging_dir/usr//bin
PATH: /home/zhangsiyu/pc018work-v15-at/apv5sdk-v15/build/../linux
PATH: /home/zhangsiyu/pc018work-v15-at/apv5sdk-v15/build/../build
PATH: /home/zhangsiyu/pc018work-v15-at/apv5sdk-v15/build/../boot/redboot/ecos/tools/bin
PATH: `pwd`
PATH: /opt/hisi-linux/x86-arm/arm-hisiv200-linux/target/bin
PATH: /usr/local/bin
PATH: /usr/bin
PATH: /bin
PATH: /usr/local/games
PATH: /usr/games


## ----------- ##
## Core tests. ##
## ----------- ##

configure:1288: Configuring ccache
configure:1302: checking for i386-pc-linux-gnu-gcc
configure:1328: result: /usr/bin/gcc
configure:1610: checking for C compiler version
configure:1613: /usr/bin/gcc --version </dev/null >&5
gcc (Debian 4.4.5-8) 4.4.5
Copyright (C) 2010 Free Software Foundation, Inc.
This is free software; see the source for copying conditions.  There is NO
warranty; not even for MERCHANTABILITY or FITNESS FOR A PARTICULAR PURPOSE.

configure:1616: $? = 0
configure:1618: /usr/bin/gcc -v </dev/null >&5
Using built-in specs.
Target: i486-linux-gnu
Configured with: ../src/configure -v --with-pkgversion='Debian 4.4.5-8' --with-bugurl=file:///usr/share/doc/gcc-4.4/README.Bugs --enable-languages=c,c++,fortran,objc,obj-c++ --prefix=/usr --program-suffix=-4.4 --enable-shared --enable-multiarch --enable-linker-build-id --with-system-zlib --libexecdir=/usr/lib --without-included-gettext --enable-threads=posix --with-gxx-include-dir=/usr/include/c++/4.4 --libdir=/usr/lib --enable-nls --enable-clocale=gnu --enable-libstdcxx-debug --enable-objc-gc --enable-targets=all --with-arch-32=i586 --with-tune=generic --enable-checking=release --build=i486-linux-gnu --host=i486-linux-gnu --target=i486-linux-gnu
Thread model: posix
gcc version 4.4.5 (Debian 4.4.5-8) 
configure:1621: $? = 0
configure:1623: /usr/bin/gcc -V </dev/null >&5
gcc: '-V' option must have argument
configure:1626: $? = 1
configure:1649: checking for C compiler default output file name
configure:1652: /usr/bin/gcc    conftest.c  >&5
configure:1655: $? = 0
configure:1701: result: a.out
configure:1706: checking whether the C compiler works
configure:1712: ./a.out
configure:1715: $? = 0
configure:1732: result: yes
configure:1739: checking whether we are cross compiling
configure:1741: result: no
configure:1744: checking for suffix of executables
configure:1746: /usr/bin/gcc -o conftest    conftest.c  >&5
configure:1749: $? = 0
configure:1774: result: 
configure:1780: checking for suffix of object files
configure:1801: /usr/bin/gcc -c   conftest.c >&5
configure:1804: $? = 0
configure:1826: result: o
configure:1830: checking whether we are using the GNU C compiler
configure:1854: /usr/bin/gcc -c   conftest.c >&5
configure:1860: $? = 0
configure:1863: test -z 			 || test ! -s conftest.err
configure:1866: $? = 0
configure:1869: test -s conftest.o
configure:1872: $? = 0
configure:1885: result: yes
configure:1891: checking whether /usr/bin/gcc accepts -g
configure:1912: /usr/bin/gcc -c -g  conftest.c >&5
configure:1918: $? = 0
configure:1921: test -z 			 || test ! -s conftest.err
configure:1924: $? = 0
configure:1927: test -s conftest.o
configure:1930: $? = 0
configure:1941: result: yes
configure:1958: checking for /usr/bin/gcc option to accept ANSI C
configure:2028: /usr/bin/gcc  -c -g -O2  conftest.c >&5
configure:2034: $? = 0
configure:2037: test -z 			 || test ! -s conftest.err
configure:2040: $? = 0
configure:2043: test -s conftest.o
configure:2046: $? = 0
configure:2064: result: none needed
configure:2082: /usr/bin/gcc -c -g -O2  conftest.c >&5
conftest.c:2: error: expected '=', ',', ';', 'asm' or '__attribute__' before 'me'
configure:2088: $? = 1
configure: failed program was:
| #ifndef __cplusplus
|   choke me
| #endif
configure:2223: checking how to run the C preprocessor
configure:2258: /usr/bin/gcc -E  conftest.c
configure:2264: $? = 0
configure:2296: /usr/bin/gcc -E  conftest.c
conftest.c:9:28: error: ac_nonexistent.h: No such file or directory
configure:2302: $? = 1
configure: failed program was:
| /* confdefs.h.  */
| 
| #define PACKAGE_NAME ""
| #define PACKAGE_TARNAME ""
| #define PACKAGE_VERSION ""
| #define PACKAGE_STRING ""
| #define PACKAGE_BUGREPORT ""
| /* end confdefs.h.  */
| #include <ac_nonexistent.h>
configure:2341: result: /usr/bin/gcc -E
configure:2365: /usr/bin/gcc -E  conftest.c
configure:2371: $? = 0
configure:2403: /usr/bin/gcc -E  conftest.c
conftest.c:9:28: error: ac_nonexistent.h: No such file or directory
configure:2409: $? = 1
configure: failed program was:
| /* confdefs.h.  */
| 
| #define PACKAGE_NAME ""
| #define PACKAGE_TARNAME ""
| #define PACKAGE_VERSION ""
| #define PACKAGE_STRING ""
| #define PACKAGE_BUGREPORT ""
| /* end confdefs.h.  */
| #include <ac_nonexistent.h>
configure:2490: checking for a BSD-compatible install
configure:2545: result: /usr/bin/install -c
configure:2580: checking for dirent.h that defines DIR
configure:2604: /usr/bin/gcc -c -g -O2 -Wall -W  conftest.c >&5
configure:2610: $? = 0
configure:2613: test -z 			 || test ! -s conftest.err
configure:2616: $? = 0
configure:2619: test -s conftest.o
configure:2622: $? = 0
configure:2633: result: yes
configure:2646: checking for library containing opendir
configure:2676: /usr/bin/gcc -o conftest -g -O2 -Wall -W   conftest.c  >&5
configure:2682: $? = 0
configure:2685: test -z 			 || test ! -s conftest.err
configure:2688: $? = 0
configure:2691: test -s conftest
configure:2694: $? = 0
configure:2763: result: none required
configure:2897: checking whether time.h and sys/time.h may both be included
configure:2922: /usr/bin/gcc -c -g -O2 -Wall -W  conftest.c >&5
configure:2928: $? = 0
configure:2931: test -z 			 || test ! -s conftest.err
configure:2934: $? = 0
configure:2937: test -s conftest.o
configure:2940: $? = 0
configure:2951: result: yes
configure:2961: checking for sys/wait.h that is POSIX.1 compatible
configure:2992: /usr/bin/gcc -c -g -O2 -Wall -W  conftest.c >&5
configure:2998: $? = 0
configure:3001: test -z 			 || test ! -s conftest.err
configure:3004: $? = 0
configure:3007: test -s conftest.o
configure:3010: $? = 0
configure:3021: result: yes
configure:3033: checking for egrep
configure:3043: result: grep -E
configure:3048: checking for ANSI C header files
configure:3073: /usr/bin/gcc -c -g -O2 -Wall -W  conftest.c >&5
configure:3079: $? = 0
configure:3082: test -z 			 || test ! -s conftest.err
configure:3085: $? = 0
configure:3088: test -s conftest.o
configure:3091: $? = 0
configure:3180: /usr/bin/gcc -o conftest -g -O2 -Wall -W   conftest.c  >&5
conftest.c: In function 'main':
conftest.c:30: warning: implicit declaration of function 'exit'
conftest.c:30: warning: incompatible implicit declaration of built-in function 'exit'
configure:3183: $? = 0
configure:3185: ./conftest
configure:3188: $? = 0
configure:3203: result: yes
configure:3227: checking for sys/types.h
configure:3243: /usr/bin/gcc -c -g -O2 -Wall -W  conftest.c >&5
configure:3249: $? = 0
configure:3252: test -z 			 || test ! -s conftest.err
configure:3255: $? = 0
configure:3258: test -s conftest.o
configure:3261: $? = 0
configure:3272: result: yes
configure:3227: checking for sys/stat.h
configure:3243: /usr/bin/gcc -c -g -O2 -Wall -W  conftest.c >&5
configure:3249: $? = 0
configure:3252: test -z 			 || test ! -s conftest.err
configure:3255: $? = 0
configure:3258: test -s conftest.o
configure:3261: $? = 0
configure:3272: result: yes
configure:3227: checking for stdlib.h
configure:3243: /usr/bin/gcc -c -g -O2 -Wall -W  conftest.c >&5
configure:3249: $? = 0
configure:3252: test -z 			 || test ! -s conftest.err
configure:3255: $? = 0
configure:3258: test -s conftest.o
configure:3261: $? = 0
configure:3272: result: yes
configure:3227: checking for string.h
configure:3243: /usr/bin/gcc -c -g -O2 -Wall -W  conftest.c >&5
configure:3249: $? = 0
configure:3252: test -z 			 || test ! -s conftest.err
configure:3255: $? = 0
configure:3258: test -s conftest.o
configure:3261: $? = 0
configure:3272: result: yes
configure:3227: checking for memory.h
configure:3243: /usr/bin/gcc -c -g -O2 -Wall -W  conftest.c >&5
configure:3249: $? = 0
configure:3252: test -z 			 || test ! -s conftest.err
configure:3255: $? = 0
configure:3258: test -s conftest.o
configure:3261: $? = 0
configure:3272: result: yes
configure:3227: checking for strings.h
configure:3243: /usr/bin/gcc -c -g -O2 -Wall -W  conftest.c >&5
configure:3249: $? = 0
configure:3252: test -z 			 || test ! -s conftest.err
configure:3255: $? = 0
configure:3258: test -s conftest.o
configure:3261: $? = 0
configure:3272: result: yes
configure:3227: checking for inttypes.h
configure:3243: /usr/bin/gcc -c -g -O2 -Wall -W  conftest.c >&5
configure:3249: $? = 0
configure:3252: test -z 			 || test ! -s conftest.err
configure:3255: $? = 0
configure:3258: test -s conftest.o
configure:3261: $? = 0
configure:3272: result: yes
configure:3227: checking for stdint.h
configure:3243: /usr/bin/gcc -c -g -O2 -Wall -W  conftest.c >&5
configure:3249: $? = 0
configure:3252: test -z 			 || test ! -s conftest.err
configure:3255: $? = 0
configure:3258: test -s conftest.o
configure:3261: $? = 0
configure:3272: result: yes
configure:3227: checking for unistd.h
configure:3243: /usr/bin/gcc -c -g -O2 -Wall -W  conftest.c >&5
configure:3249: $? = 0
configure:3252: test -z 			 || test ! -s conftest.err
configure:3255: $? = 0
configure:3258: test -s conftest.o
configure:3261: $? = 0
configure:3272: result: yes
configure:3302: checking ctype.h usability
configure:3314: /usr/bin/gcc -c -g -O2 -Wall -W  conftest.c >&5
configure:3320: $? = 0
configure:3323: test -z 			 || test ! -s conftest.err
configure:3326: $? = 0
configure:3329: test -s conftest.o
configure:3332: $? = 0
configure:3342: result: yes
configure:3346: checking ctype.h presence
configure:3356: /usr/bin/gcc -E  conftest.c
configure:3362: $? = 0
configure:3382: result: yes
configure:3417: checking for ctype.h
configure:3424: result: yes
configure:3293: checking for strings.h
configure:3298: result: yes
configure:3293: checking for stdlib.h
configure:3298: result: yes
configure:3293: checking for string.h
configure:3298: result: yes
configure:3302: checking pwd.h usability
configure:3314: /usr/bin/gcc -c -g -O2 -Wall -W  conftest.c >&5
configure:3320: $? = 0
configure:3323: test -z 			 || test ! -s conftest.err
configure:3326: $? = 0
configure:3329: test -s conftest.o
configure:3332: $? = 0
configure:3342: result: yes
configure:3346: checking pwd.h presence
configure:3356: /usr/bin/gcc -E  conftest.c
configure:3362: $? = 0
configure:3382: result: yes
configure:3417: checking for pwd.h
configure:3424: result: yes
configure:3447: checking for realpath
configure:3504: /usr/bin/gcc -o conftest -g -O2 -Wall -W   conftest.c  >&5
configure:3510: $? = 0
configure:3513: test -z 			 || test ! -s conftest.err
configure:3516: $? = 0
configure:3519: test -s conftest
configure:3522: $? = 0
configure:3534: result: yes
configure:3447: checking for snprintf
configure:3504: /usr/bin/gcc -o conftest -g -O2 -Wall -W   conftest.c  >&5
conftest.c:53: warning: conflicting types for built-in function 'snprintf'
configure:3510: $? = 0
configure:3513: test -z 			 || test ! -s conftest.err
configure:3516: $? = 0
configure:3519: test -s conftest
configure:3522: $? = 0
configure:3534: result: yes
configure:3447: checking for vsnprintf
configure:3504: /usr/bin/gcc -o conftest -g -O2 -Wall -W   conftest.c  >&5
conftest.c:54: warning: conflicting types for built-in function 'vsnprintf'
configure:3510: $? = 0
configure:3513: test -z 			 || test ! -s conftest.err
configure:3516: $? = 0
configure:3519: test -s conftest
configure:3522: $? = 0
configure:3534: result: yes
configure:3447: checking for vasprintf
configure:3504: /usr/bin/gcc -o conftest -g -O2 -Wall -W   conftest.c  >&5
configure:3510: $? = 0
configure:3513: test -z 			 || test ! -s conftest.err
configure:3516: $? = 0
configure:3519: test -s conftest
configure:3522: $? = 0
configure:3534: result: yes
configure:3447: checking for asprintf
configure:3504: /usr/bin/gcc -o conftest -g -O2 -Wall -W   conftest.c  >&5
configure:3510: $? = 0
configure:3513: test -z 			 || test ! -s conftest.err
configure:3516: $? = 0
configure:3519: test -s conftest
configure:3522: $? = 0
configure:3534: result: yes
configure:3447: checking for mkstemp
configure:3504: /usr/bin/gcc -o conftest -g -O2 -Wall -W   conftest.c  >&5
configure:3510: $? = 0
configure:3513: test -z 			 || test ! -s conftest.err
configure:3516: $? = 0
configure:3519: test -s conftest
configure:3522: $? = 0
configure:3534: result: yes
configure:3549: checking for gethostname
configure:3606: /usr/bin/gcc -o conftest -g -O2 -Wall -W   conftest.c  >&5
configure:3612: $? = 0
configure:3615: test -z 			 || test ! -s conftest.err
configure:3618: $? = 0
configure:3621: test -s conftest
configure:3624: $? = 0
configure:3636: result: yes
configure:3549: checking for getpwuid
configure:3606: /usr/bin/gcc -o conftest -g -O2 -Wall -W   conftest.c  >&5
configure:3612: $? = 0
configure:3615: test -z 			 || test ! -s conftest.err
configure:3618: $? = 0
configure:3621: test -s conftest
configure:3624: $? = 0
configure:3636: result: yes
configure:3647: checking for compar_fn_t in stdlib.h
configure:3671: /usr/bin/gcc -c -g -O2 -Wall -W  conftest.c >&5
conftest.c: In function 'test_fn':
conftest.c:41: warning: null argument where non-null required (argument 1)
conftest.c:41: warning: null argument where non-null required (argument 4)
configure:3677: $? = 0
configure:3680: test -z 			 || test ! -s conftest.err
configure:3683: $? = 0
configure:3686: test -s conftest.o
configure:3689: $? = 0
configure:3700: result: yes
configure:3710: checking for C99 vsnprintf
configure:3746: /usr/bin/gcc -o conftest -g -O2 -Wall -W   conftest.c  >&5
conftest.c: In function 'foo':
conftest.c:46: warning: implicit declaration of function 'vsnprintf'
conftest.c:48: warning: implicit declaration of function 'exit'
conftest.c:48: warning: incompatible implicit declaration of built-in function 'exit'
conftest.c:50: warning: implicit declaration of function 'snprintf'
conftest.c:50: warning: incompatible implicit declaration of built-in function 'snprintf'
conftest.c:50: warning: implicit declaration of function 'strcmp'
conftest.c: At top level:
conftest.c:54: warning: return type defaults to 'int'
conftest.c: In function 'main':
conftest.c:54: warning: control reaches end of non-void function
configure:3749: $? = 0
configure:3751: ./conftest
configure:3754: $? = 0
configure:3768: result: yes
configure:3875: creating ./config.status

## ---------------------- ##
## Running config.status. ##
## ---------------------- ##

This file was extended by config.status, which was
generated by GNU Autoconf 2.59.  Invocation command line was

  CONFIG_FILES    = 
  CONFIG_HEADERS  = 
  CONFIG_LINKS    = 
  CONFIG_COMMANDS = 
  $ ./config.status 

on debian

config.status:688: creating Makefile
config.status:747: creating config.h

## ---------------- ##
## Cache variables. ##
## ---------------- ##

ac_cv_c_compiler_gnu=yes
ac_cv_env_CC_set=set
ac_cv_env_CC_value=/usr/bin/gcc
ac_cv_env_CFLAGS_set=
ac_cv_env_CFLAGS_value=
ac_cv_env_CPPFLAGS_set=
ac_cv_env_CPPFLAGS_value=
ac_cv_env_CPP_set=
ac_cv_env_CPP_value=
ac_cv_env_LDFLAGS_set=
ac_cv_env_LDFLAGS_value=
ac_cv_env_build_alias_set=set
ac_cv_env_build_alias_value=i386-pc-linux-gnu
ac_cv_env_host_alias_set=set
ac_cv_env_host_alias_value=i386-pc-linux-gnu
ac_cv_env_target_alias_set=set
ac_cv_env_target_alias_value=i386-pc-linux-gnu
ac_cv_exeext=
ac_cv_func_asprintf=yes
ac_cv_func_gethostname=yes
ac_cv_func_getpwuid=yes
ac_cv_func_mkstemp=yes
ac_cv_func_realpath=yes
ac_cv_func_snprintf=yes
ac_cv_func_vasprintf=yes
ac_cv_func_vsnprintf=yes
ac_cv_header_ctype_h=yes
ac_cv_header_dirent_dirent_h=yes
ac_cv_header_inttypes_h=yes
ac_cv_header_memory_h=yes
ac_cv_header_pwd_h=yes
ac_cv_header_stdc=yes
ac_cv_header_stdint_h=yes
ac_cv_header_stdlib_h=yes
ac_cv_header_string_h=yes
ac_cv_header_strings_h=yes
ac_cv_header_sys_stat_h=yes
ac_cv_header_sys_types_h=yes
ac_cv_header_sys_wait_h=yes
ac_cv_header_time=yes
ac_cv_header_unistd_h=yes
ac_cv_objext=o
ac_cv_path_install='/usr/bin/install -c'
ac_cv_prog_CC=/usr/bin/gcc
ac_cv_prog_CPP='/usr/bin/gcc -E'
ac_cv_prog_cc_g=yes
ac_cv_prog_cc_stdc=
ac_cv_prog_egrep='grep -E'
ac_cv_search_opendir='none required'
ccache_cv_COMPAR_FN_T=yes
ccache_cv_HAVE_C99_VSNPRINTF=yes

## ----------------- ##
## Output variables. ##
## ----------------- ##

CC='/usr/bin/gcc'
CFLAGS='-g -O2 -Wall -W'
CPP='/usr/bin/gcc -E'
CPPFLAGS=''
DEFS='-DHAVE_CONFIG_H'
ECHO_C=''
ECHO_N='-n'
ECHO_T=''
EGREP='grep -E'
EXEEXT=''
INSTALL_DATA='${INSTALL} -m 644'
INSTALL_PROGRAM='${INSTALL}'
INSTALL_SCRIPT='${INSTALL}'
LDFLAGS=''
LIBOBJS=''
LIBS=''
LTLIBOBJS=''
OBJEXT='o'
PACKAGE_BUGREPORT=''
PACKAGE_NAME=''
PACKAGE_STRING=''
PACKAGE_TARNAME=''
PACKAGE_VERSION=''
PATH_SEPARATOR=':'
SHELL='/bin/sh'
ac_ct_CC=''
bindir='${exec_prefix}/bin'
build_alias='i386-pc-linux-gnu'
datadir='${prefix}/share'
exec_prefix='${prefix}'
host_alias='i386-pc-linux-gnu'
includedir='${prefix}/include'
infodir='${prefix}/info'
libdir='${exec_prefix}/lib'
libexecdir='${exec_prefix}/libexec'
localstatedir='${prefix}/var'
mandir='${prefix}/man'
oldincludedir='/usr/include'
prefix='/usr'
program_transform_name='s,x,x,'
sbindir='${exec_prefix}/sbin'
sharedstatedir='${prefix}/com'
sysconfdir='${prefix}/etc'
target_alias='i386-pc-linux-gnu'

## ----------- ##
## confdefs.h. ##
## ----------- ##

#define HAVE_ASPRINTF 1
#define HAVE_C99_VSNPRINTF 1
#define HAVE_COMPAR_FN_T 1
#define HAVE_CTYPE_H 1
#define HAVE_DIRENT_H 1
#define HAVE_GETHOSTNAME 1
#define HAVE_GETPWUID 1
#define HAVE_INTTYPES_H 1
#define HAVE_MEMORY_H 1
#define HAVE_MKSTEMP 1
#define HAVE_PWD_H 1
#define HAVE_REALPATH 1
#define HAVE_SNPRINTF 1
#define HAVE_STDINT_H 1
#define HAVE_STDLIB_H 1
#define HAVE_STDLIB_H 1
#define HAVE_STRINGS_H 1
#define HAVE_STRINGS_H 1
#define HAVE_STRING_H 1
#define HAVE_STRING_H 1
#define HAVE_SYS_STAT_H 1
#define HAVE_SYS_TYPES_H 1
#define HAVE_SYS_WAIT_H 1
#define HAVE_UNISTD_H 1
#define HAVE_VASPRINTF 1
#define HAVE_VSNPRINTF 1
#define PACKAGE_BUGREPORT ""
#define PACKAGE_NAME ""
#define PACKAGE_STRING ""
#define PACKAGE_TARNAME ""
#define PACKAGE_VERSION ""
#define STDC_HEADERS 1
#define TIME_WITH_SYS_TIME 1
#define _GNU_SOURCE 1

configure: exit 0
